{"/Users/LHD/Documents-mb-pro/documents-projects--sorted-by-prog-language/projects-full-stack/node/express/node-players-api/src/index.js": {"path":"/Users/LHD/Documents-mb-pro/documents-projects--sorted-by-prog-language/projects-full-stack/node/express/node-players-api/src/index.js","statementMap":{"0":{"start":{"line":1,"column":16},"end":{"line":1,"column":34}},"1":{"start":{"line":2,"column":19},"end":{"line":2,"column":41}},"2":{"start":{"line":4,"column":12},"end":{"line":4,"column":21}},"3":{"start":{"line":5,"column":11},"end":{"line":5,"column":31}},"4":{"start":{"line":7,"column":13},"end":{"line":7,"column":17}},"5":{"start":{"line":9,"column":0},"end":{"line":9,"column":27}},"6":{"start":{"line":10,"column":0},"end":{"line":14,"column":2}},"7":{"start":{"line":15,"column":0},"end":{"line":17,"column":3}},"8":{"start":{"line":16,"column":2},"end":{"line":16,"column":75}},"9":{"start":{"line":19,"column":0},"end":{"line":19,"column":31}},"10":{"start":{"line":20,"column":0},"end":{"line":20,"column":38}},"11":{"start":{"line":21,"column":0},"end":{"line":21,"column":34}},"12":{"start":{"line":22,"column":0},"end":{"line":22,"column":37}},"13":{"start":{"line":23,"column":0},"end":{"line":23,"column":40}},"14":{"start":{"line":25,"column":0},"end":{"line":28,"column":3}},"15":{"start":{"line":26,"column":2},"end":{"line":27,"column":23}}},"fnMap":{"0":{"name":"(anonymous_0)","decl":{"start":{"line":15,"column":13},"end":{"line":15,"column":14}},"loc":{"start":{"line":15,"column":36},"end":{"line":17,"column":1}},"line":15},"1":{"name":"(anonymous_1)","decl":{"start":{"line":25,"column":17},"end":{"line":25,"column":18}},"loc":{"start":{"line":25,"column":23},"end":{"line":28,"column":1}},"line":25}},"branchMap":{},"s":{"0":1,"1":1,"2":1,"3":1,"4":1,"5":1,"6":1,"7":1,"8":0,"9":1,"10":1,"11":1,"12":1,"13":1,"14":1,"15":0},"f":{"0":0,"1":0},"b":{},"_coverageSchema":"1a1c01bbd47fc00a2c39e90264f33305004495a9","hash":"97cdf0557a305f4e0838f1ebd5eb295f30cdb2a8"}
,"/Users/LHD/Documents-mb-pro/documents-projects--sorted-by-prog-language/projects-full-stack/node/express/node-players-api/src/queries.js": {"path":"/Users/LHD/Documents-mb-pro/documents-projects--sorted-by-prog-language/projects-full-stack/node/express/node-players-api/src/queries.js","statementMap":{"0":{"start":{"line":1,"column":17},"end":{"line":1,"column":30}},"1":{"start":{"line":3,"column":13},"end":{"line":9,"column":2}},"2":{"start":{"line":11,"column":17},"end":{"line":18,"column":1}},"3":{"start":{"line":12,"column":2},"end":{"line":17,"column":5}},"4":{"start":{"line":13,"column":4},"end":{"line":15,"column":5}},"5":{"start":{"line":14,"column":6},"end":{"line":14,"column":18}},"6":{"start":{"line":16,"column":4},"end":{"line":16,"column":44}},"7":{"start":{"line":20,"column":20},"end":{"line":29,"column":1}},"8":{"start":{"line":21,"column":13},"end":{"line":21,"column":40}},"9":{"start":{"line":23,"column":2},"end":{"line":28,"column":5}},"10":{"start":{"line":24,"column":4},"end":{"line":26,"column":5}},"11":{"start":{"line":25,"column":6},"end":{"line":25,"column":18}},"12":{"start":{"line":27,"column":4},"end":{"line":27,"column":44}},"13":{"start":{"line":31,"column":19},"end":{"line":40,"column":1}},"14":{"start":{"line":32,"column":26},"end":{"line":32,"column":38}},"15":{"start":{"line":34,"column":2},"end":{"line":39,"column":5}},"16":{"start":{"line":35,"column":4},"end":{"line":37,"column":5}},"17":{"start":{"line":36,"column":6},"end":{"line":36,"column":18}},"18":{"start":{"line":38,"column":4},"end":{"line":38,"column":73}},"19":{"start":{"line":42,"column":19},"end":{"line":56,"column":1}},"20":{"start":{"line":43,"column":13},"end":{"line":43,"column":40}},"21":{"start":{"line":44,"column":26},"end":{"line":44,"column":38}},"22":{"start":{"line":46,"column":2},"end":{"line":55,"column":4}},"23":{"start":{"line":50,"column":6},"end":{"line":52,"column":7}},"24":{"start":{"line":51,"column":8},"end":{"line":51,"column":20}},"25":{"start":{"line":53,"column":6},"end":{"line":53,"column":64}},"26":{"start":{"line":58,"column":19},"end":{"line":67,"column":1}},"27":{"start":{"line":59,"column":13},"end":{"line":59,"column":40}},"28":{"start":{"line":61,"column":2},"end":{"line":66,"column":5}},"29":{"start":{"line":62,"column":4},"end":{"line":64,"column":5}},"30":{"start":{"line":63,"column":6},"end":{"line":63,"column":18}},"31":{"start":{"line":65,"column":4},"end":{"line":65,"column":61}},"32":{"start":{"line":69,"column":0},"end":{"line":75,"column":2}}},"fnMap":{"0":{"name":"(anonymous_0)","decl":{"start":{"line":11,"column":17},"end":{"line":11,"column":18}},"loc":{"start":{"line":11,"column":40},"end":{"line":18,"column":1}},"line":11},"1":{"name":"(anonymous_1)","decl":{"start":{"line":12,"column":52},"end":{"line":12,"column":53}},"loc":{"start":{"line":12,"column":72},"end":{"line":17,"column":3}},"line":12},"2":{"name":"(anonymous_2)","decl":{"start":{"line":20,"column":20},"end":{"line":20,"column":21}},"loc":{"start":{"line":20,"column":43},"end":{"line":29,"column":1}},"line":20},"3":{"name":"(anonymous_3)","decl":{"start":{"line":23,"column":56},"end":{"line":23,"column":57}},"loc":{"start":{"line":23,"column":76},"end":{"line":28,"column":3}},"line":23},"4":{"name":"(anonymous_4)","decl":{"start":{"line":31,"column":19},"end":{"line":31,"column":20}},"loc":{"start":{"line":31,"column":42},"end":{"line":40,"column":1}},"line":31},"5":{"name":"(anonymous_5)","decl":{"start":{"line":34,"column":79},"end":{"line":34,"column":80}},"loc":{"start":{"line":34,"column":99},"end":{"line":39,"column":3}},"line":34},"6":{"name":"(anonymous_6)","decl":{"start":{"line":42,"column":19},"end":{"line":42,"column":20}},"loc":{"start":{"line":42,"column":42},"end":{"line":56,"column":1}},"line":42},"7":{"name":"(anonymous_7)","decl":{"start":{"line":49,"column":4},"end":{"line":49,"column":5}},"loc":{"start":{"line":49,"column":24},"end":{"line":54,"column":5}},"line":49},"8":{"name":"(anonymous_8)","decl":{"start":{"line":58,"column":19},"end":{"line":58,"column":20}},"loc":{"start":{"line":58,"column":42},"end":{"line":67,"column":1}},"line":58},"9":{"name":"(anonymous_9)","decl":{"start":{"line":61,"column":54},"end":{"line":61,"column":55}},"loc":{"start":{"line":61,"column":74},"end":{"line":66,"column":3}},"line":61}},"branchMap":{"0":{"loc":{"start":{"line":13,"column":4},"end":{"line":15,"column":5}},"type":"if","locations":[{"start":{"line":13,"column":4},"end":{"line":15,"column":5}},{"start":{"line":13,"column":4},"end":{"line":15,"column":5}}],"line":13},"1":{"loc":{"start":{"line":24,"column":4},"end":{"line":26,"column":5}},"type":"if","locations":[{"start":{"line":24,"column":4},"end":{"line":26,"column":5}},{"start":{"line":24,"column":4},"end":{"line":26,"column":5}}],"line":24},"2":{"loc":{"start":{"line":35,"column":4},"end":{"line":37,"column":5}},"type":"if","locations":[{"start":{"line":35,"column":4},"end":{"line":37,"column":5}},{"start":{"line":35,"column":4},"end":{"line":37,"column":5}}],"line":35},"3":{"loc":{"start":{"line":50,"column":6},"end":{"line":52,"column":7}},"type":"if","locations":[{"start":{"line":50,"column":6},"end":{"line":52,"column":7}},{"start":{"line":50,"column":6},"end":{"line":52,"column":7}}],"line":50},"4":{"loc":{"start":{"line":62,"column":4},"end":{"line":64,"column":5}},"type":"if","locations":[{"start":{"line":62,"column":4},"end":{"line":64,"column":5}},{"start":{"line":62,"column":4},"end":{"line":64,"column":5}}],"line":62}},"s":{"0":1,"1":1,"2":1,"3":0,"4":0,"5":0,"6":0,"7":1,"8":0,"9":0,"10":0,"11":0,"12":0,"13":1,"14":0,"15":0,"16":0,"17":0,"18":0,"19":1,"20":0,"21":0,"22":0,"23":0,"24":0,"25":0,"26":1,"27":0,"28":0,"29":0,"30":0,"31":0,"32":1},"f":{"0":0,"1":0,"2":0,"3":0,"4":0,"5":0,"6":0,"7":0,"8":0,"9":0},"b":{"0":[0,0],"1":[0,0],"2":[0,0],"3":[0,0],"4":[0,0]},"_coverageSchema":"1a1c01bbd47fc00a2c39e90264f33305004495a9","hash":"66e0d02c5faa6bcaa4c2ad9417c7ee66c7e6e89b"}
}
