TN:
SF:src/index.js
FN:15,(anonymous_0)
FN:25,(anonymous_1)
FNF:2
FNH:0
FNDA:0,(anonymous_0)
FNDA:0,(anonymous_1)
DA:1,1
DA:2,1
DA:4,1
DA:5,1
DA:7,1
DA:9,1
DA:10,1
DA:15,1
DA:16,0
DA:19,1
DA:20,1
DA:21,1
DA:22,1
DA:23,1
DA:25,1
DA:26,0
LF:16
LH:14
BRF:0
BRH:0
end_of_record
TN:
SF:src/queries.js
FN:11,(anonymous_0)
FN:12,(anonymous_1)
FN:20,(anonymous_2)
FN:23,(anonymous_3)
FN:31,(anonymous_4)
FN:34,(anonymous_5)
FN:42,(anonymous_6)
FN:49,(anonymous_7)
FN:58,(anonymous_8)
FN:61,(anonymous_9)
FNF:10
FNH:0
FNDA:0,(anonymous_0)
FNDA:0,(anonymous_1)
FNDA:0,(anonymous_2)
FNDA:0,(anonymous_3)
FNDA:0,(anonymous_4)
FNDA:0,(anonymous_5)
FNDA:0,(anonymous_6)
FNDA:0,(anonymous_7)
FNDA:0,(anonymous_8)
FNDA:0,(anonymous_9)
DA:1,1
DA:3,1
DA:11,1
DA:12,0
DA:13,0
DA:14,0
DA:16,0
DA:20,1
DA:21,0
DA:23,0
DA:24,0
DA:25,0
DA:27,0
DA:31,1
DA:32,0
DA:34,0
DA:35,0
DA:36,0
DA:38,0
DA:42,1
DA:43,0
DA:44,0
DA:46,0
DA:50,0
DA:51,0
DA:53,0
DA:58,1
DA:59,0
DA:61,0
DA:62,0
DA:63,0
DA:65,0
DA:69,1
LF:33
LH:8
BRDA:13,0,0,0
BRDA:13,0,1,0
BRDA:24,1,0,0
BRDA:24,1,1,0
BRDA:35,2,0,0
BRDA:35,2,1,0
BRDA:50,3,0,0
BRDA:50,3,1,0
BRDA:62,4,0,0
BRDA:62,4,1,0
BRF:10
BRH:0
end_of_record
